Using pre-set license
Built from '2020.3/staging' branch; Version is '2020.3.13f1 (71691879b7f5) revision 7432472'; Using compiler version '192528614'; Build Type 'Release'
OS: 'Windows 10 Home; OS build 19042.1237; Version 2009; 64bit' Language: 'es' Physical Memory: 32720 MB
BatchMode: 1, IsHumanControllingUs: 0, StartBugReporterOnCrash: 0, Is64bit: 1, IsPro: 0

 COMMAND LINE ARGUMENTS:
C:\Program Files\Unity\Hub\Editor\2020.3.13f1\Editor\Unity.exe
-adb2
-batchMode
-noUpm
-name
AssetImportWorker0
-projectPath
C:/Users/gerga/Documents/GitHub/FRD/Habita4.0
-logFile
Logs/AssetImportWorker0.log
-srvPort
59059
Successfully changed project path to: C:/Users/gerga/Documents/GitHub/FRD/Habita4.0
C:/Users/gerga/Documents/GitHub/FRD/Habita4.0
Using Asset Import Pipeline V2.
Refreshing native plugins compatible for Editor in 49.05 ms, found 2 plugins.
Preloading 0 native plugins for Editor in 0.00 ms.
Initialize engine version: 2020.3.13f1 (71691879b7f5)
[Subsystems] Discovering subsystems at path C:/Program Files/Unity/Hub/Editor/2020.3.13f1/Editor/Data/Resources/UnitySubsystems
[Subsystems] Discovering subsystems at path C:/Users/gerga/Documents/GitHub/FRD/Habita4.0/Assets
GfxDevice: creating device client; threaded=0
Direct3D:
    Version:  Direct3D 11.0 [level 11.1]
    Renderer: NVIDIA GeForce GTX 1070 (ID=0x1b81)
    Vendor:   
    VRAM:     8088 MB
    Driver:   30.0.14.7141
Initialize mono
Mono path[0] = 'C:/Program Files/Unity/Hub/Editor/2020.3.13f1/Editor/Data/Managed'
Mono path[1] = 'C:/Program Files/Unity/Hub/Editor/2020.3.13f1/Editor/Data/MonoBleedingEdge/lib/mono/unityjit'
Mono config path = 'C:/Program Files/Unity/Hub/Editor/2020.3.13f1/Editor/Data/MonoBleedingEdge/etc'
Using monoOptions --debugger-agent=transport=dt_socket,embedding=1,server=y,suspend=n,address=127.0.0.1:56348
Begin MonoManager ReloadAssembly
Registering precompiled unity dll's ...
Register platform support module: C:/Program Files/Unity/Hub/Editor/2020.3.13f1/Editor/Data/PlaybackEngines/WindowsStandaloneSupport/UnityEditor.WindowsStandalone.Extensions.dll
Registered in 0.002896 seconds.
Native extension for WindowsStandalone target not found
Refreshing native plugins compatible for Editor in 50.41 ms, found 2 plugins.
Preloading 0 native plugins for Editor in 0.00 ms.
Mono: successfully reloaded assembly
- Completed reload, in  2.500 seconds
Platform modules already initialized, skipping
Registering precompiled user dll's ...
Registered in 0.005842 seconds.
Begin MonoManager ReloadAssembly
Native extension for WindowsStandalone target not found
Refreshing native plugins compatible for Editor in 0.53 ms, found 2 plugins.
Preloading 0 native plugins for Editor in 0.00 ms.
Mono: successfully reloaded assembly
- Completed reload, in  1.329 seconds
Platform modules already initialized, skipping
========================================================================
Worker process is ready to serve import requests
Launched and connected shader compiler UnityShaderCompiler.exe after 0.05 seconds
Refreshing native plugins compatible for Editor in 0.50 ms, found 2 plugins.
Preloading 0 native plugins for Editor in 0.00 ms.
Unloading 1687 Unused Serialized files (Serialized files now loaded: 0)
System memory in use before: 95.9 MB.
System memory in use after: 95.6 MB.

Unloading 21 unused Assets to reduce memory usage. Loaded Objects now: 2145.
Total: 2.780300 ms (FindLiveObjects: 0.211900 ms CreateObjectMapping: 0.049500 ms MarkObjects: 2.116800 ms  DeleteObjects: 0.400800 ms)

AssetImportParameters requested are different than current active one (requested -> active):
  custom:framework-win-MediaFoundation: 216162199b28c13a410421893ffa2e32 -> 
  custom:video-decoder-ogg-theora: a1e56fd34408186e4bbccfd4996cb3dc -> 
  custom:container-muxer-webm: aa71ff27fc2769a1b78a27578f13a17b -> 
  custom:container-demuxer-webm: 4f35f7cbe854078d1ac9338744f61a02 -> 
  custom:container-demuxer-ogg: 62fdf1f143b41e24485cea50d1cbac27 -> 
  custom:video-encoder-webm-vp8: eb34c28f22e8b96e1ab97ce403110664 -> 
  custom:video-decoder-webm-vp8: 9c59270c3fd7afecdb556c50c9e8de78 -> 
  custom:audio-decoder-ogg-vorbis: bf7c407c2cedff20999df2af8eb42d56 -> 
  custom:audio-encoder-webm-vorbis: bf7c407c2cedff20999df2af8eb42d56 -> 
========================================================================
Received Import Request.
  path: Assets/Prefac
  artifactKey: Guid(232689af92a5a164cab6406e1a876776) Importer(815301076,1909f56bfc062723c751e8b465ee728b)
Start importing Assets/Prefac using Guid(232689af92a5a164cab6406e1a876776) Importer(815301076,1909f56bfc062723c751e8b465ee728b)  -> (artifact id: '5d4e8cb850b619544f35a0cc439351b1') in 0.012179 seconds 
  Import took 0.015236 seconds .

========================================================================
Received Import Request.
  Time since last request: 0.000217 seconds.
  path: Assets/Scenario.blend
  artifactKey: Guid(ad22475296bf2934c9f66d0f7a79a838) Importer(815301076,1909f56bfc062723c751e8b465ee728b)
Start importing Assets/Scenario.blend using Guid(ad22475296bf2934c9f66d0f7a79a838) Importer(815301076,1909f56bfc062723c751e8b465ee728b)  -> (artifact id: '593643cd75633aba6913238ca13d8214') in 0.430321 seconds 
  Import took 0.433865 seconds .

========================================================================
Received Import Request.
  Time since last request: 16.878700 seconds.
  path: Assets/personaje
  artifactKey: Guid(0012489049f9dd74da1b3120d3914c4c) Importer(815301076,1909f56bfc062723c751e8b465ee728b)
Start importing Assets/personaje using Guid(0012489049f9dd74da1b3120d3914c4c) Importer(815301076,1909f56bfc062723c751e8b465ee728b)  -> (artifact id: '8cbfa248275fc249bc33a3c5ecb3b180') in 0.009787 seconds 
  Import took 0.013067 seconds .

========================================================================
Received Import Request.
  Time since last request: 0.001596 seconds.
  path: Assets/personaje
  artifactKey: Guid(0012489049f9dd74da1b3120d3914c4c) Importer(815301076,1909f56bfc062723c751e8b465ee728b)
Start importing Assets/personaje using Guid(0012489049f9dd74da1b3120d3914c4c) Importer(815301076,1909f56bfc062723c751e8b465ee728b)  -> (artifact id: '8cbfa248275fc249bc33a3c5ecb3b180') in 0.002741 seconds 
  Import took 0.006005 seconds .

========================================================================
Received Import Request.
  Time since last request: 23.949524 seconds.
  path: Assets/personaje/ziggy_animado.blend
  artifactKey: Guid(532dbb176649db648898fd30619ce59b) Importer(815301076,1909f56bfc062723c751e8b465ee728b)
Start importing Assets/personaje/ziggy_animado.blend using Guid(532dbb176649db648898fd30619ce59b) Importer(815301076,1909f56bfc062723c751e8b465ee728b)  -> (artifact id: 'bbfc73d0666cbb61a407f6dcd38aa84a') in 0.082663 seconds 
  Import took 0.086377 seconds .

========================================================================
Received Import Request.
  Time since last request: 8.453337 seconds.
  path: Assets/personaje/personajes.prefab
  artifactKey: Guid(7953d5da3ba7c28458ff0c88c16a7fc2) Importer(815301076,1909f56bfc062723c751e8b465ee728b)
Start importing Assets/personaje/personajes.prefab using Guid(7953d5da3ba7c28458ff0c88c16a7fc2) Importer(815301076,1909f56bfc062723c751e8b465ee728b)  -> (artifact id: '9dc06d0e1ebd65000be2b1155f376560') in 0.024852 seconds 
  Import took 0.028413 seconds .

========================================================================
Received Import Request.
  Time since last request: 16.617984 seconds.
  path: Assets/personaje/personajes.prefab
  artifactKey: Guid(7953d5da3ba7c28458ff0c88c16a7fc2) Importer(815301076,1909f56bfc062723c751e8b465ee728b)
Start importing Assets/personaje/personajes.prefab using Guid(7953d5da3ba7c28458ff0c88c16a7fc2) Importer(815301076,1909f56bfc062723c751e8b465ee728b)  -> (artifact id: '2ebb7cef10c3e090ac260a4da5084751') in 0.005250 seconds 
  Import took 0.008768 seconds .

========================================================================
Received Import Request.
  Time since last request: 3.276733 seconds.
  path: Assets/personaje/personajes.prefab
  artifactKey: Guid(7953d5da3ba7c28458ff0c88c16a7fc2) Importer(815301076,1909f56bfc062723c751e8b465ee728b)
Start importing Assets/personaje/personajes.prefab using Guid(7953d5da3ba7c28458ff0c88c16a7fc2) Importer(815301076,1909f56bfc062723c751e8b465ee728b)  -> (artifact id: 'f19a6c7c9bf10dbe1c984c20462dbb83') in 0.020725 seconds 
  Import took 0.024882 seconds .

========================================================================
Received Import Request.
  Time since last request: 0.007395 seconds.
  path: Assets/personaje/personajes.prefab
  artifactKey: Guid(7953d5da3ba7c28458ff0c88c16a7fc2) Importer(815301076,1909f56bfc062723c751e8b465ee728b)
Start importing Assets/personaje/personajes.prefab using Guid(7953d5da3ba7c28458ff0c88c16a7fc2) Importer(815301076,1909f56bfc062723c751e8b465ee728b)  -> (artifact id: 'f19a6c7c9bf10dbe1c984c20462dbb83') in 0.014218 seconds 
  Import took 0.018110 seconds .

========================================================================
Received Import Request.
  Time since last request: 10.845474 seconds.
  path: Assets/personaje/personajes.prefab
  artifactKey: Guid(7953d5da3ba7c28458ff0c88c16a7fc2) Importer(815301076,1909f56bfc062723c751e8b465ee728b)
Start importing Assets/personaje/personajes.prefab using Guid(7953d5da3ba7c28458ff0c88c16a7fc2) Importer(815301076,1909f56bfc062723c751e8b465ee728b)  -> (artifact id: 'de175e62679cbc000104936fd626501a') in 0.039613 seconds 
  Import took 0.043482 seconds .

========================================================================
Received Import Request.
  Time since last request: 7.203723 seconds.
  path: Assets/personaje/personajes.prefab
  artifactKey: Guid(7953d5da3ba7c28458ff0c88c16a7fc2) Importer(815301076,1909f56bfc062723c751e8b465ee728b)
Start importing Assets/personaje/personajes.prefab using Guid(7953d5da3ba7c28458ff0c88c16a7fc2) Importer(815301076,1909f56bfc062723c751e8b465ee728b)  -> (artifact id: '40e7b94d7165a84eedb703c4a954baaf') in 0.013579 seconds 
  Import took 0.017527 seconds .

========================================================================
Received Import Request.
  Time since last request: 4.019597 seconds.
  path: Assets/personaje/personajes.prefab
  artifactKey: Guid(7953d5da3ba7c28458ff0c88c16a7fc2) Importer(815301076,1909f56bfc062723c751e8b465ee728b)
Start importing Assets/personaje/personajes.prefab using Guid(7953d5da3ba7c28458ff0c88c16a7fc2) Importer(815301076,1909f56bfc062723c751e8b465ee728b)  -> (artifact id: '0b9c9e26d7411dfe51c63358bd0efd2a') in 0.012914 seconds 
  Import took 0.016547 seconds .

========================================================================
Received Import Request.
  Time since last request: 19.165423 seconds.
  path: Assets/personaje/personajes.prefab
  artifactKey: Guid(7953d5da3ba7c28458ff0c88c16a7fc2) Importer(815301076,1909f56bfc062723c751e8b465ee728b)
Start importing Assets/personaje/personajes.prefab using Guid(7953d5da3ba7c28458ff0c88c16a7fc2) Importer(815301076,1909f56bfc062723c751e8b465ee728b)  -> (artifact id: 'fb5b3875d0afece94a0d7c878af359ec') in 0.019276 seconds 
  Import took 0.023035 seconds .

========================================================================
Received Import Request.
  Time since last request: 2.577832 seconds.
  path: Assets/personaje/personajes.prefab
  artifactKey: Guid(7953d5da3ba7c28458ff0c88c16a7fc2) Importer(815301076,1909f56bfc062723c751e8b465ee728b)
Start importing Assets/personaje/personajes.prefab using Guid(7953d5da3ba7c28458ff0c88c16a7fc2) Importer(815301076,1909f56bfc062723c751e8b465ee728b)  -> (artifact id: '3b46d8df38a86e40100e401151d1496d') in 0.019522 seconds 
  Import took 0.023239 seconds .

========================================================================
Received Import Request.
  Time since last request: 2.201937 seconds.
  path: Assets/personaje/personajes.prefab
  artifactKey: Guid(7953d5da3ba7c28458ff0c88c16a7fc2) Importer(815301076,1909f56bfc062723c751e8b465ee728b)
Start importing Assets/personaje/personajes.prefab using Guid(7953d5da3ba7c28458ff0c88c16a7fc2) Importer(815301076,1909f56bfc062723c751e8b465ee728b)  -> (artifact id: '6380353924982d99e15978c46f1e7750') in 0.013448 seconds 
  Import took 0.017302 seconds .

========================================================================
Received Import Request.
  Time since last request: 22.245828 seconds.
  path: Assets/personaje/personajes.prefab
  artifactKey: Guid(7953d5da3ba7c28458ff0c88c16a7fc2) Importer(815301076,1909f56bfc062723c751e8b465ee728b)
Start importing Assets/personaje/personajes.prefab using Guid(7953d5da3ba7c28458ff0c88c16a7fc2) Importer(815301076,1909f56bfc062723c751e8b465ee728b)  -> (artifact id: 'e43edb7c4d10e2f2ef5b714bfaec9196') in 0.016355 seconds 
  Import took 0.020269 seconds .

========================================================================
Received Import Request.
  Time since last request: 5.166481 seconds.
  path: Assets/personaje/personajes.prefab
  artifactKey: Guid(7953d5da3ba7c28458ff0c88c16a7fc2) Importer(815301076,1909f56bfc062723c751e8b465ee728b)
Start importing Assets/personaje/personajes.prefab using Guid(7953d5da3ba7c28458ff0c88c16a7fc2) Importer(815301076,1909f56bfc062723c751e8b465ee728b)  -> (artifact id: '3cae8a4c66056cd05abbb0c9dcbccda1') in 0.019193 seconds 
  Import took 0.023088 seconds .

========================================================================
Received Import Request.
  Time since last request: 5.417426 seconds.
  path: Assets/personaje/personajes.prefab
  artifactKey: Guid(7953d5da3ba7c28458ff0c88c16a7fc2) Importer(815301076,1909f56bfc062723c751e8b465ee728b)
Start importing Assets/personaje/personajes.prefab using Guid(7953d5da3ba7c28458ff0c88c16a7fc2) Importer(815301076,1909f56bfc062723c751e8b465ee728b)  -> (artifact id: 'd5381bbd02c2b7464bc73928f6243c2e') in 0.016875 seconds 
  Import took 0.020756 seconds .

========================================================================
Received Import Request.
  Time since last request: 2.190690 seconds.
  path: Assets/personaje/personajes.prefab
  artifactKey: Guid(7953d5da3ba7c28458ff0c88c16a7fc2) Importer(815301076,1909f56bfc062723c751e8b465ee728b)
Start importing Assets/personaje/personajes.prefab using Guid(7953d5da3ba7c28458ff0c88c16a7fc2) Importer(815301076,1909f56bfc062723c751e8b465ee728b)  -> (artifact id: 'a57a53d17ab228251ed5be7af075f9be') in 0.017986 seconds 
  Import took 0.022024 seconds .

========================================================================
Received Import Request.
  Time since last request: 5.829223 seconds.
  path: Assets/personaje/personajes.prefab
  artifactKey: Guid(7953d5da3ba7c28458ff0c88c16a7fc2) Importer(815301076,1909f56bfc062723c751e8b465ee728b)
Start importing Assets/personaje/personajes.prefab using Guid(7953d5da3ba7c28458ff0c88c16a7fc2) Importer(815301076,1909f56bfc062723c751e8b465ee728b)  -> (artifact id: '2856bdf7c2d69344c214a21212d28867') in 0.023948 seconds 
  Import took 0.027785 seconds .

========================================================================
Received Import Request.
  Time since last request: 1.984464 seconds.
  path: Assets/personaje/personajes.prefab
  artifactKey: Guid(7953d5da3ba7c28458ff0c88c16a7fc2) Importer(815301076,1909f56bfc062723c751e8b465ee728b)
Start importing Assets/personaje/personajes.prefab using Guid(7953d5da3ba7c28458ff0c88c16a7fc2) Importer(815301076,1909f56bfc062723c751e8b465ee728b)  -> (artifact id: '0bccf49ef0432a6f53f85933d3e930d7') in 0.020257 seconds 
  Import took 0.024044 seconds .

========================================================================
Received Import Request.
  Time since last request: 2.197623 seconds.
  path: Assets/personaje/personajes.prefab
  artifactKey: Guid(7953d5da3ba7c28458ff0c88c16a7fc2) Importer(815301076,1909f56bfc062723c751e8b465ee728b)
Start importing Assets/personaje/personajes.prefab using Guid(7953d5da3ba7c28458ff0c88c16a7fc2) Importer(815301076,1909f56bfc062723c751e8b465ee728b)  -> (artifact id: 'd489bb0059f56d31f13ae69ebe027486') in 0.019319 seconds 
  Import took 0.023184 seconds .

========================================================================
Received Import Request.
  Time since last request: 7.450884 seconds.
  path: Assets/personaje/personajes.prefab
  artifactKey: Guid(7953d5da3ba7c28458ff0c88c16a7fc2) Importer(815301076,1909f56bfc062723c751e8b465ee728b)
Start importing Assets/personaje/personajes.prefab using Guid(7953d5da3ba7c28458ff0c88c16a7fc2) Importer(815301076,1909f56bfc062723c751e8b465ee728b)  -> (artifact id: 'f600923f176fc248d847d0f74f0e8e5f') in 0.014883 seconds 
  Import took 0.018555 seconds .

========================================================================
Received Import Request.
  Time since last request: 10.265913 seconds.
  path: Assets/personaje/personajes.prefab
  artifactKey: Guid(7953d5da3ba7c28458ff0c88c16a7fc2) Importer(815301076,1909f56bfc062723c751e8b465ee728b)
Start importing Assets/personaje/personajes.prefab using Guid(7953d5da3ba7c28458ff0c88c16a7fc2) Importer(815301076,1909f56bfc062723c751e8b465ee728b)  -> (artifact id: '676002fb5942ed3ab5ce7e1f4b66ea3c') in 0.013770 seconds 
  Import took 0.017551 seconds .

========================================================================
Received Import Request.
  Time since last request: 3.415072 seconds.
  path: Assets/personaje/personajes.prefab
  artifactKey: Guid(7953d5da3ba7c28458ff0c88c16a7fc2) Importer(815301076,1909f56bfc062723c751e8b465ee728b)
Start importing Assets/personaje/personajes.prefab using Guid(7953d5da3ba7c28458ff0c88c16a7fc2) Importer(815301076,1909f56bfc062723c751e8b465ee728b)  -> (artifact id: 'a9beaeb792c0e572d2289ea88c1c9090') in 0.017619 seconds 
  Import took 0.021283 seconds .

========================================================================
Received Import Request.
  Time since last request: 5.217781 seconds.
  path: Assets/personaje/personajes.prefab
  artifactKey: Guid(7953d5da3ba7c28458ff0c88c16a7fc2) Importer(815301076,1909f56bfc062723c751e8b465ee728b)
Start importing Assets/personaje/personajes.prefab using Guid(7953d5da3ba7c28458ff0c88c16a7fc2) Importer(815301076,1909f56bfc062723c751e8b465ee728b)  -> (artifact id: '29d14d4be058297ba7fade85dee57fbc') in 0.013761 seconds 
  Import took 0.017441 seconds .

========================================================================
Received Prepare
Registering precompiled user dll's ...
Registered in 0.005541 seconds.
Begin MonoManager ReloadAssembly
Native extension for WindowsStandalone target not found
Refreshing native plugins compatible for Editor in 0.56 ms, found 2 plugins.
Preloading 0 native plugins for Editor in 0.00 ms.
Mono: successfully reloaded assembly
- Completed reload, in  1.230 seconds
Platform modules already initialized, skipping
Refreshing native plugins compatible for Editor in 0.53 ms, found 2 plugins.
Preloading 0 native plugins for Editor in 0.00 ms.
Unloading 1660 Unused Serialized files (Serialized files now loaded: 0)
System memory in use before: 110.9 MB.
System memory in use after: 110.6 MB.

Unloading 16 unused Assets to reduce memory usage. Loaded Objects now: 2192.
Total: 2.804500 ms (FindLiveObjects: 0.221900 ms CreateObjectMapping: 0.049600 ms MarkObjects: 2.110000 ms  DeleteObjects: 0.421400 ms)

AssetImportParameters requested are different than current active one (requested -> active):
  custom:framework-win-MediaFoundation: 216162199b28c13a410421893ffa2e32 -> 
  custom:video-decoder-ogg-theora: a1e56fd34408186e4bbccfd4996cb3dc -> 
  custom:container-muxer-webm: aa71ff27fc2769a1b78a27578f13a17b -> 
  custom:container-demuxer-webm: 4f35f7cbe854078d1ac9338744f61a02 -> 
  custom:container-demuxer-ogg: 62fdf1f143b41e24485cea50d1cbac27 -> 
  custom:video-encoder-webm-vp8: eb34c28f22e8b96e1ab97ce403110664 -> 
  custom:video-decoder-webm-vp8: 9c59270c3fd7afecdb556c50c9e8de78 -> 
  custom:audio-decoder-ogg-vorbis: bf7c407c2cedff20999df2af8eb42d56 -> 
  custom:audio-encoder-webm-vorbis: bf7c407c2cedff20999df2af8eb42d56 -> 
========================================================================
Received Import Request.
  Time since last request: 620.611497 seconds.
  path: Assets/Animaciones/impresora3D.controller
  artifactKey: Guid(bc9532d0e18c6504d91a6895384ecc95) Importer(815301076,1909f56bfc062723c751e8b465ee728b)
Start importing Assets/Animaciones/impresora3D.controller using Guid(bc9532d0e18c6504d91a6895384ecc95) Importer(815301076,1909f56bfc062723c751e8b465ee728b)  -> (artifact id: '671e366de21817d2d4485e586cfb3721') in 0.035000 seconds 
  Import took 0.038686 seconds .

========================================================================
Received Import Request.
  Time since last request: 367.620026 seconds.
  path: Assets/personaje/personajes.prefab
  artifactKey: Guid(7953d5da3ba7c28458ff0c88c16a7fc2) Importer(815301076,1909f56bfc062723c751e8b465ee728b)
Start importing Assets/personaje/personajes.prefab using Guid(7953d5da3ba7c28458ff0c88c16a7fc2) Importer(815301076,1909f56bfc062723c751e8b465ee728b) The Animator Controller (ziggy_animado) you have used is not valid. Animations will not play
UnityEngine.StackTraceUtility:ExtractStackTrace ()
UnityEditor.EditorUtility:Internal_InstantiateRemoveAllNonAnimationComponentsSingle (UnityEngine.Object,UnityEngine.Vector3,UnityEngine.Quaternion)
UnityEditor.EditorUtility:InstantiateRemoveAllNonAnimationComponents (UnityEngine.Object,UnityEngine.Vector3,UnityEngine.Quaternion)
UnityEditor.EditorUtility:InstantiateForAnimatorPreview (UnityEngine.Object)
UnityEditor.GameObjectInspector/PreviewData:UpdateGameObject (UnityEngine.Object)
UnityEditor.GameObjectInspector/PreviewData:.ctor (UnityEngine.Object)
UnityEditor.GameObjectInspector:GetPreviewData ()
UnityEditor.GameObjectInspector:RenderStaticPreview (string,UnityEngine.Object[],int,int)
UnityEditor.AssetPreviewUpdater:CreatePreviewForAsset (UnityEngine.Object,UnityEngine.Object[],string)

[C:\buildslave\unity\build\Modules/Animation/Director/AnimatorControllerPlayable.cpp line 333]

The Animator Controller (ziggy_animado) you have used is not valid. Animations will not play
UnityEngine.StackTraceUtility:ExtractStackTrace ()
UnityEditor.EditorUtility:InitInstantiatedPreviewRecursive (UnityEngine.GameObject)
UnityEditor.EditorUtility:InstantiateForAnimatorPreview (UnityEngine.Object)
UnityEditor.GameObjectInspector/PreviewData:UpdateGameObject (UnityEngine.Object)
UnityEditor.GameObjectInspector/PreviewData:.ctor (UnityEngine.Object)
UnityEditor.GameObjectInspector:GetPreviewData ()
UnityEditor.GameObjectInspector:RenderStaticPreview (string,UnityEngine.Object[],int,int)
UnityEditor.AssetPreviewUpdater:CreatePreviewForAsset (UnityEngine.Object,UnityEngine.Object[],string)

[C:\buildslave\unity\build\Modules/Animation/Director/AnimatorControllerPlayable.cpp line 333]

 -> (artifact id: '8e02fe663b5873eeb2cc28e7b1d55ccf') in 0.068285 seconds 
  Import took 0.072151 seconds .

========================================================================
Received Import Request.
  Time since last request: 15.592194 seconds.
  path: Assets/personaje/ziggy_animado.blend
  artifactKey: Guid(532dbb176649db648898fd30619ce59b) Importer(815301076,1909f56bfc062723c751e8b465ee728b)
Start importing Assets/personaje/ziggy_animado.blend using Guid(532dbb176649db648898fd30619ce59b) Importer(815301076,1909f56bfc062723c751e8b465ee728b)  -> (artifact id: 'c0120922cf7012ce3c428715c7157dbd') in 0.118654 seconds 
  Import took 0.122626 seconds .

========================================================================
Received Import Request.
  Time since last request: 75.627187 seconds.
  path: Assets/Modelos/ziggy_animado.controller
  artifactKey: Guid(104e35053e7b30e49a436b31b1b4d3c9) Importer(815301076,1909f56bfc062723c751e8b465ee728b)
Start importing Assets/Modelos/ziggy_animado.controller using Guid(104e35053e7b30e49a436b31b1b4d3c9) Importer(815301076,1909f56bfc062723c751e8b465ee728b)  -> (artifact id: '01ce5322e5f6d6757e82e343b4800b60') in 0.004290 seconds 
  Import took 0.007865 seconds .

========================================================================
Received Import Request.
  Time since last request: 0.001097 seconds.
  path: Assets/Modelos/ziggy_animado.controller
  artifactKey: Guid(104e35053e7b30e49a436b31b1b4d3c9) Importer(815301076,1909f56bfc062723c751e8b465ee728b)
Start importing Assets/Modelos/ziggy_animado.controller using Guid(104e35053e7b30e49a436b31b1b4d3c9) Importer(815301076,1909f56bfc062723c751e8b465ee728b)  -> (artifact id: '01ce5322e5f6d6757e82e343b4800b60') in 0.003830 seconds 
  Import took 0.006614 seconds .

========================================================================
Received Import Request.
  Time since last request: 205.267600 seconds.
  path: Assets/personaje/personajes.prefab
  artifactKey: Guid(7953d5da3ba7c28458ff0c88c16a7fc2) Importer(815301076,1909f56bfc062723c751e8b465ee728b)
Start importing Assets/personaje/personajes.prefab using Guid(7953d5da3ba7c28458ff0c88c16a7fc2) Importer(815301076,1909f56bfc062723c751e8b465ee728b) The Animator Controller (ziggy_animado) you have used is not valid. Animations will not play
UnityEngine.StackTraceUtility:ExtractStackTrace ()
UnityEditor.EditorUtility:Internal_InstantiateRemoveAllNonAnimationComponentsSingle (UnityEngine.Object,UnityEngine.Vector3,UnityEngine.Quaternion)
UnityEditor.EditorUtility:InstantiateRemoveAllNonAnimationComponents (UnityEngine.Object,UnityEngine.Vector3,UnityEngine.Quaternion)
UnityEditor.EditorUtility:InstantiateForAnimatorPreview (UnityEngine.Object)
UnityEditor.GameObjectInspector/PreviewData:UpdateGameObject (UnityEngine.Object)
UnityEditor.GameObjectInspector/PreviewData:.ctor (UnityEngine.Object)
UnityEditor.GameObjectInspector:GetPreviewData ()
UnityEditor.GameObjectInspector:RenderStaticPreview (string,UnityEngine.Object[],int,int)
UnityEditor.AssetPreviewUpdater:CreatePreviewForAsset (UnityEngine.Object,UnityEngine.Object[],string)

[C:\buildslave\unity\build\Modules/Animation/Director/AnimatorControllerPlayable.cpp line 333]

The Animator Controller (ziggy_animado) you have used is not valid. Animations will not play
UnityEngine.StackTraceUtility:ExtractStackTrace ()
UnityEditor.EditorUtility:InitInstantiatedPreviewRecursive (UnityEngine.GameObject)
UnityEditor.EditorUtility:InstantiateForAnimatorPreview (UnityEngine.Object)
UnityEditor.GameObjectInspector/PreviewData:UpdateGameObject (UnityEngine.Object)
UnityEditor.GameObjectInspector/PreviewData:.ctor (UnityEngine.Object)
UnityEditor.GameObjectInspector:GetPreviewData ()
UnityEditor.GameObjectInspector:RenderStaticPreview (string,UnityEngine.Object[],int,int)
UnityEditor.AssetPreviewUpdater:CreatePreviewForAsset (UnityEngine.Object,UnityEngine.Object[],string)

[C:\buildslave\unity\build\Modules/Animation/Director/AnimatorControllerPlayable.cpp line 333]

 -> (artifact id: '92b96ab942184261868a7c875efa2a96') in 0.020865 seconds 
  Import took 0.025179 seconds .

========================================================================
Received Import Request.
  Time since last request: 14.823860 seconds.
  path: Assets/personaje/New Animator Controller.controller
  artifactKey: Guid(3fb8ce6f43ef50b4da8880ec00081de3) Importer(815301076,1909f56bfc062723c751e8b465ee728b)
Start importing Assets/personaje/New Animator Controller.controller using Guid(3fb8ce6f43ef50b4da8880ec00081de3) Importer(815301076,1909f56bfc062723c751e8b465ee728b)  -> (artifact id: '7521b5f0ff1bf354f026dcfc16f2bef2') in 0.010565 seconds 
  Import took 0.013889 seconds .

========================================================================
Received Import Request.
  Time since last request: 21.504355 seconds.
  path: Assets/personaje/Personaje.controller
  artifactKey: Guid(3fb8ce6f43ef50b4da8880ec00081de3) Importer(815301076,1909f56bfc062723c751e8b465ee728b)
Start importing Assets/personaje/Personaje.controller using Guid(3fb8ce6f43ef50b4da8880ec00081de3) Importer(815301076,1909f56bfc062723c751e8b465ee728b)  -> (artifact id: '44fc19f23ed759dd3b7905f10d8b5718') in 0.008953 seconds 
  Import took 0.012172 seconds .

========================================================================
Received Import Request.
  Time since last request: 241.644338 seconds.
  path: Assets/personaje/ziggy_animado.blend
  artifactKey: Guid(532dbb176649db648898fd30619ce59b) Importer(815301076,1909f56bfc062723c751e8b465ee728b)
Start importing Assets/personaje/ziggy_animado.blend using Guid(532dbb176649db648898fd30619ce59b) Importer(815301076,1909f56bfc062723c751e8b465ee728b)  -> (artifact id: '2a39bb302d874e5d0448c501ae8cdb66') in 0.079400 seconds 
  Import took 0.083141 seconds .

========================================================================
Received Prepare
Registering precompiled user dll's ...
Registered in 0.165298 seconds.
Begin MonoManager ReloadAssembly
Native extension for WindowsStandalone target not found
Refreshing native plugins compatible for Editor in 0.51 ms, found 2 plugins.
Preloading 0 native plugins for Editor in 0.00 ms.
Mono: successfully reloaded assembly
- Completed reload, in  1.327 seconds
Platform modules already initialized, skipping
Refreshing native plugins compatible for Editor in 0.53 ms, found 2 plugins.
Preloading 0 native plugins for Editor in 0.00 ms.
Unloading 1660 Unused Serialized files (Serialized files now loaded: 0)
System memory in use before: 111.0 MB.
System memory in use after: 110.8 MB.

Unloading 16 unused Assets to reduce memory usage. Loaded Objects now: 2196.
Total: 2.859400 ms (FindLiveObjects: 0.211100 ms CreateObjectMapping: 0.049200 ms MarkObjects: 2.173100 ms  DeleteObjects: 0.424700 ms)

AssetImportParameters requested are different than current active one (requested -> active):
  custom:framework-win-MediaFoundation: 216162199b28c13a410421893ffa2e32 -> 
  custom:video-decoder-ogg-theora: a1e56fd34408186e4bbccfd4996cb3dc -> 
  custom:container-muxer-webm: aa71ff27fc2769a1b78a27578f13a17b -> 
  custom:container-demuxer-webm: 4f35f7cbe854078d1ac9338744f61a02 -> 
  custom:container-demuxer-ogg: 62fdf1f143b41e24485cea50d1cbac27 -> 
  custom:video-encoder-webm-vp8: eb34c28f22e8b96e1ab97ce403110664 -> 
  custom:video-decoder-webm-vp8: 9c59270c3fd7afecdb556c50c9e8de78 -> 
  custom:audio-decoder-ogg-vorbis: bf7c407c2cedff20999df2af8eb42d56 -> 
  custom:audio-encoder-webm-vorbis: bf7c407c2cedff20999df2af8eb42d56 -> 
========================================================================
Received Import Request.
  Time since last request: 76.935013 seconds.
  path: Assets/personaje/personajes.prefab
  artifactKey: Guid(7953d5da3ba7c28458ff0c88c16a7fc2) Importer(815301076,1909f56bfc062723c751e8b465ee728b)
Start importing Assets/personaje/personajes.prefab using Guid(7953d5da3ba7c28458ff0c88c16a7fc2) Importer(815301076,1909f56bfc062723c751e8b465ee728b) The Animator Controller (ziggy_animado) you have used is not valid. Animations will not play
UnityEngine.StackTraceUtility:ExtractStackTrace ()
UnityEditor.EditorUtility:Internal_InstantiateRemoveAllNonAnimationComponentsSingle (UnityEngine.Object,UnityEngine.Vector3,UnityEngine.Quaternion)
UnityEditor.EditorUtility:InstantiateRemoveAllNonAnimationComponents (UnityEngine.Object,UnityEngine.Vector3,UnityEngine.Quaternion)
UnityEditor.EditorUtility:InstantiateForAnimatorPreview (UnityEngine.Object)
UnityEditor.GameObjectInspector/PreviewData:UpdateGameObject (UnityEngine.Object)
UnityEditor.GameObjectInspector/PreviewData:.ctor (UnityEngine.Object)
UnityEditor.GameObjectInspector:GetPreviewData ()
UnityEditor.GameObjectInspector:RenderStaticPreview (string,UnityEngine.Object[],int,int)
UnityEditor.AssetPreviewUpdater:CreatePreviewForAsset (UnityEngine.Object,UnityEngine.Object[],string)

[C:\buildslave\unity\build\Modules/Animation/Director/AnimatorControllerPlayable.cpp line 333]

The Animator Controller (ziggy_animado) you have used is not valid. Animations will not play
UnityEngine.StackTraceUtility:ExtractStackTrace ()
UnityEditor.EditorUtility:InitInstantiatedPreviewRecursive (UnityEngine.GameObject)
UnityEditor.EditorUtility:InstantiateForAnimatorPreview (UnityEngine.Object)
UnityEditor.GameObjectInspector/PreviewData:UpdateGameObject (UnityEngine.Object)
UnityEditor.GameObjectInspector/PreviewData:.ctor (UnityEngine.Object)
UnityEditor.GameObjectInspector:GetPreviewData ()
UnityEditor.GameObjectInspector:RenderStaticPreview (string,UnityEngine.Object[],int,int)
UnityEditor.AssetPreviewUpdater:CreatePreviewForAsset (UnityEngine.Object,UnityEngine.Object[],string)

[C:\buildslave\unity\build\Modules/Animation/Director/AnimatorControllerPlayable.cpp line 333]

 -> (artifact id: '70fca9e83a446a76a74d74b418b7ab2a') in 0.102872 seconds 
  Import took 0.106612 seconds .

========================================================================
Received Import Request.
  Time since last request: 30.314142 seconds.
  path: Assets/Animaciones/centrar cabezote.anim
  artifactKey: Guid(fc74aefa332eec14d81a68134d1255ad) Importer(815301076,1909f56bfc062723c751e8b465ee728b)
Start importing Assets/Animaciones/centrar cabezote.anim using Guid(fc74aefa332eec14d81a68134d1255ad) Importer(815301076,1909f56bfc062723c751e8b465ee728b)  -> (artifact id: '7eddf9e7e396b44a9b1b63bb29f4e216') in 0.019286 seconds 
  Import took 0.022611 seconds .

========================================================================
Received Import Request.
  Time since last request: 0.008672 seconds.
  path: Assets/Animaciones/centrar cabezote.anim
  artifactKey: Guid(fc74aefa332eec14d81a68134d1255ad) Importer(815301076,1909f56bfc062723c751e8b465ee728b)
Start importing Assets/Animaciones/centrar cabezote.anim using Guid(fc74aefa332eec14d81a68134d1255ad) Importer(815301076,1909f56bfc062723c751e8b465ee728b)  -> (artifact id: '7eddf9e7e396b44a9b1b63bb29f4e216') in 0.005253 seconds 
  Import took 0.008569 seconds .

========================================================================
Received Import Request.
  Time since last request: 0.282247 seconds.
  path: Assets/Animaciones/animacionimpresora.anim
  artifactKey: Guid(722295a1db5ec6240935aa09fbd20fc1) Importer(815301076,1909f56bfc062723c751e8b465ee728b)
Start importing Assets/Animaciones/animacionimpresora.anim using Guid(722295a1db5ec6240935aa09fbd20fc1) Importer(815301076,1909f56bfc062723c751e8b465ee728b)  -> (artifact id: 'a19883c87d5021a99abb103ded655524') in 0.018117 seconds 
  Import took 0.021396 seconds .

========================================================================
Received Prepare
Registering precompiled user dll's ...
Registered in 0.005862 seconds.
Begin MonoManager ReloadAssembly
Native extension for WindowsStandalone target not found
Refreshing native plugins compatible for Editor in 0.54 ms, found 2 plugins.
Preloading 0 native plugins for Editor in 0.00 ms.
Mono: successfully reloaded assembly
- Completed reload, in  1.264 seconds
Platform modules already initialized, skipping
Refreshing native plugins compatible for Editor in 0.53 ms, found 2 plugins.
Preloading 0 native plugins for Editor in 0.00 ms.
Unloading 1660 Unused Serialized files (Serialized files now loaded: 0)
System memory in use before: 111.0 MB.
System memory in use after: 110.8 MB.

Unloading 16 unused Assets to reduce memory usage. Loaded Objects now: 2200.
Total: 2.974300 ms (FindLiveObjects: 0.232200 ms CreateObjectMapping: 0.048700 ms MarkObjects: 2.229000 ms  DeleteObjects: 0.462800 ms)

AssetImportParameters requested are different than current active one (requested -> active):
  custom:framework-win-MediaFoundation: 216162199b28c13a410421893ffa2e32 -> 
  custom:video-decoder-ogg-theora: a1e56fd34408186e4bbccfd4996cb3dc -> 
  custom:container-muxer-webm: aa71ff27fc2769a1b78a27578f13a17b -> 
  custom:container-demuxer-webm: 4f35f7cbe854078d1ac9338744f61a02 -> 
  custom:container-demuxer-ogg: 62fdf1f143b41e24485cea50d1cbac27 -> 
  custom:video-encoder-webm-vp8: eb34c28f22e8b96e1ab97ce403110664 -> 
  custom:video-decoder-webm-vp8: 9c59270c3fd7afecdb556c50c9e8de78 -> 
  custom:audio-decoder-ogg-vorbis: bf7c407c2cedff20999df2af8eb42d56 -> 
  custom:audio-encoder-webm-vorbis: bf7c407c2cedff20999df2af8eb42d56 -> 
========================================================================
Received Import Request.
  Time since last request: 27.872322 seconds.
  path: Assets/personaje/personajes.prefab
  artifactKey: Guid(7953d5da3ba7c28458ff0c88c16a7fc2) Importer(815301076,1909f56bfc062723c751e8b465ee728b)
Start importing Assets/personaje/personajes.prefab using Guid(7953d5da3ba7c28458ff0c88c16a7fc2) Importer(815301076,1909f56bfc062723c751e8b465ee728b)  -> (artifact id: '411200c94e926e6f82cb4c99aa2f10c3') in 0.083165 seconds 
  Import took 0.086953 seconds .

========================================================================
Received Import Request.
  Time since last request: 0.002640 seconds.
  path: Assets/personaje/personajes.prefab
  artifactKey: Guid(7953d5da3ba7c28458ff0c88c16a7fc2) Importer(815301076,1909f56bfc062723c751e8b465ee728b)
Start importing Assets/personaje/personajes.prefab using Guid(7953d5da3ba7c28458ff0c88c16a7fc2) Importer(815301076,1909f56bfc062723c751e8b465ee728b)  -> (artifact id: '411200c94e926e6f82cb4c99aa2f10c3') in 0.014882 seconds 
  Import took 0.018224 seconds .

========================================================================
Received Import Request.
  Time since last request: 88.058084 seconds.
  path: Assets/personaje/personajes.prefab
  artifactKey: Guid(7953d5da3ba7c28458ff0c88c16a7fc2) Importer(815301076,1909f56bfc062723c751e8b465ee728b)
Start importing Assets/personaje/personajes.prefab using Guid(7953d5da3ba7c28458ff0c88c16a7fc2) Importer(815301076,1909f56bfc062723c751e8b465ee728b)  -> (artifact id: '1a20f5530fa38b1abb928eb10748e02f') in 0.013955 seconds 
  Import took 0.017625 seconds .

========================================================================
Received Import Request.
  Time since last request: 5.736193 seconds.
  path: Assets/personaje/personajes.prefab
  artifactKey: Guid(7953d5da3ba7c28458ff0c88c16a7fc2) Importer(815301076,1909f56bfc062723c751e8b465ee728b)
Start importing Assets/personaje/personajes.prefab using Guid(7953d5da3ba7c28458ff0c88c16a7fc2) Importer(815301076,1909f56bfc062723c751e8b465ee728b)  -> (artifact id: 'bdc755dc00416b3217290dac219f3c84') in 0.015004 seconds 
  Import took 0.018506 seconds .

========================================================================
Received Import Request.
  Time since last request: 28.690372 seconds.
  path: Assets/personaje/personajes.prefab
  artifactKey: Guid(7953d5da3ba7c28458ff0c88c16a7fc2) Importer(815301076,1909f56bfc062723c751e8b465ee728b)
Start importing Assets/personaje/personajes.prefab using Guid(7953d5da3ba7c28458ff0c88c16a7fc2) Importer(815301076,1909f56bfc062723c751e8b465ee728b)  -> (artifact id: 'e5dd2a0f301f77a475ea5d32ff33f699') in 0.019115 seconds 
  Import took 0.023143 seconds .

========================================================================
Received Import Request.
  Time since last request: 3.681892 seconds.
  path: Assets/personaje/personajes.prefab
  artifactKey: Guid(7953d5da3ba7c28458ff0c88c16a7fc2) Importer(815301076,1909f56bfc062723c751e8b465ee728b)
Start importing Assets/personaje/personajes.prefab using Guid(7953d5da3ba7c28458ff0c88c16a7fc2) Importer(815301076,1909f56bfc062723c751e8b465ee728b)  -> (artifact id: 'b1ffc550bab53c49bd54267135feffb0') in 0.016919 seconds 
  Import took 0.020632 seconds .

========================================================================
Received Import Request.
  Time since last request: 454.426779 seconds.
  path: Assets/personaje/ziggy_animado.blend
  artifactKey: Guid(532dbb176649db648898fd30619ce59b) Importer(815301076,1909f56bfc062723c751e8b465ee728b)
Start importing Assets/personaje/ziggy_animado.blend using Guid(532dbb176649db648898fd30619ce59b) Importer(815301076,1909f56bfc062723c751e8b465ee728b)  -> (artifact id: 'c0623056a0f179ae10a30cfc7b4eee1d') in 0.099459 seconds 
  Import took 0.103696 seconds .

========================================================================
Received Import Request.
  Time since last request: 25.027726 seconds.
  path: Assets/personaje/ziggy_animado.blend
  artifactKey: Guid(532dbb176649db648898fd30619ce59b) Importer(815301076,1909f56bfc062723c751e8b465ee728b)
Start importing Assets/personaje/ziggy_animado.blend using Guid(532dbb176649db648898fd30619ce59b) Importer(815301076,1909f56bfc062723c751e8b465ee728b)  -> (artifact id: 'bb732f273f0c70d1121980faac371b86') in 0.077491 seconds 
  Import took 0.081359 seconds .

========================================================================
Received Import Request.
  Time since last request: 56.567861 seconds.
  path: Assets/personaje/ziggy_animado.blend
  artifactKey: Guid(532dbb176649db648898fd30619ce59b) Importer(815301076,1909f56bfc062723c751e8b465ee728b)
Start importing Assets/personaje/ziggy_animado.blend using Guid(532dbb176649db648898fd30619ce59b) Importer(815301076,1909f56bfc062723c751e8b465ee728b)  -> (artifact id: '940a53a487fc17b05f99a8427c8b1058') in 0.065127 seconds 
  Import took 0.068955 seconds .

========================================================================
Received Import Request.
  Time since last request: 37.568690 seconds.
  path: Assets/personaje/ziggy_animado.blend
  artifactKey: Guid(532dbb176649db648898fd30619ce59b) Importer(815301076,1909f56bfc062723c751e8b465ee728b)
Start importing Assets/personaje/ziggy_animado.blend using Guid(532dbb176649db648898fd30619ce59b) Importer(815301076,1909f56bfc062723c751e8b465ee728b)  -> (artifact id: 'e3ef9c25277e642a87a42bad98cc4bea') in 0.067595 seconds 
  Import took 0.071235 seconds .

========================================================================
Received Import Request.
  Time since last request: 21.074409 seconds.
  path: Assets/personaje/ziggy_animado.blend
  artifactKey: Guid(532dbb176649db648898fd30619ce59b) Importer(815301076,1909f56bfc062723c751e8b465ee728b)
Start importing Assets/personaje/ziggy_animado.blend using Guid(532dbb176649db648898fd30619ce59b) Importer(815301076,1909f56bfc062723c751e8b465ee728b)  -> (artifact id: '5d3cdc083e987cec947c17a5788b4539') in 0.064717 seconds 
  Import took 0.068526 seconds .

========================================================================
Received Import Request.
  Time since last request: 42.841434 seconds.
  path: Assets/personaje/Idle.anim
  artifactKey: Guid(3c86ec516cf45d04e8cb2b76571bf196) Importer(815301076,1909f56bfc062723c751e8b465ee728b)
Start importing Assets/personaje/Idle.anim using Guid(3c86ec516cf45d04e8cb2b76571bf196) Importer(815301076,1909f56bfc062723c751e8b465ee728b)  -> (artifact id: '058aca4bcb55ffb00739a52d04757b64') in 0.010617 seconds 
  Import took 0.014254 seconds .

========================================================================
Received Import Request.
  Time since last request: 0.006206 seconds.
  path: Assets/personaje/Idle.anim
  artifactKey: Guid(3c86ec516cf45d04e8cb2b76571bf196) Importer(815301076,1909f56bfc062723c751e8b465ee728b)
Start importing Assets/personaje/Idle.anim using Guid(3c86ec516cf45d04e8cb2b76571bf196) Importer(815301076,1909f56bfc062723c751e8b465ee728b)  -> (artifact id: '058aca4bcb55ffb00739a52d04757b64') in 0.004883 seconds 
  Import took 0.008237 seconds .

========================================================================
Received Prepare
Registering precompiled user dll's ...
Registered in 0.007601 seconds.
Begin MonoManager ReloadAssembly
Native extension for WindowsStandalone target not found
Refreshing native plugins compatible for Editor in 0.53 ms, found 2 plugins.
Preloading 0 native plugins for Editor in 0.00 ms.
Mono: successfully reloaded assembly
- Completed reload, in  1.238 seconds
Platform modules already initialized, skipping
Refreshing native plugins compatible for Editor in 0.57 ms, found 2 plugins.
Preloading 0 native plugins for Editor in 0.00 ms.
Unloading 1660 Unused Serialized files (Serialized files now loaded: 0)
System memory in use before: 111.2 MB.
System memory in use after: 110.9 MB.

Unloading 16 unused Assets to reduce memory usage. Loaded Objects now: 2204.
Total: 3.156900 ms (FindLiveObjects: 0.243000 ms CreateObjectMapping: 0.050400 ms MarkObjects: 2.388200 ms  DeleteObjects: 0.473700 ms)

AssetImportParameters requested are different than current active one (requested -> active):
  custom:framework-win-MediaFoundation: 216162199b28c13a410421893ffa2e32 -> 
  custom:video-decoder-ogg-theora: a1e56fd34408186e4bbccfd4996cb3dc -> 
  custom:container-muxer-webm: aa71ff27fc2769a1b78a27578f13a17b -> 
  custom:container-demuxer-webm: 4f35f7cbe854078d1ac9338744f61a02 -> 
  custom:container-demuxer-ogg: 62fdf1f143b41e24485cea50d1cbac27 -> 
  custom:video-encoder-webm-vp8: eb34c28f22e8b96e1ab97ce403110664 -> 
  custom:video-decoder-webm-vp8: 9c59270c3fd7afecdb556c50c9e8de78 -> 
  custom:audio-decoder-ogg-vorbis: bf7c407c2cedff20999df2af8eb42d56 -> 
  custom:audio-encoder-webm-vorbis: bf7c407c2cedff20999df2af8eb42d56 -> 
========================================================================
Received Prepare
Registering precompiled user dll's ...
Registered in 0.005815 seconds.
Begin MonoManager ReloadAssembly
Native extension for WindowsStandalone target not found
Refreshing native plugins compatible for Editor in 0.55 ms, found 2 plugins.
Preloading 0 native plugins for Editor in 0.00 ms.
Mono: successfully reloaded assembly
- Completed reload, in  1.261 seconds
Platform modules already initialized, skipping
Refreshing native plugins compatible for Editor in 0.56 ms, found 2 plugins.
Preloading 0 native plugins for Editor in 0.00 ms.
Unloading 1660 Unused Serialized files (Serialized files now loaded: 0)
System memory in use before: 111.2 MB.
System memory in use after: 110.9 MB.

Unloading 16 unused Assets to reduce memory usage. Loaded Objects now: 2207.
Total: 3.309000 ms (FindLiveObjects: 0.239600 ms CreateObjectMapping: 0.053800 ms MarkObjects: 2.539000 ms  DeleteObjects: 0.474700 ms)

AssetImportParameters requested are different than current active one (requested -> active):
  custom:framework-win-MediaFoundation: 216162199b28c13a410421893ffa2e32 -> 
  custom:video-decoder-ogg-theora: a1e56fd34408186e4bbccfd4996cb3dc -> 
  custom:container-muxer-webm: aa71ff27fc2769a1b78a27578f13a17b -> 
  custom:container-demuxer-webm: 4f35f7cbe854078d1ac9338744f61a02 -> 
  custom:container-demuxer-ogg: 62fdf1f143b41e24485cea50d1cbac27 -> 
  custom:video-encoder-webm-vp8: eb34c28f22e8b96e1ab97ce403110664 -> 
  custom:video-decoder-webm-vp8: 9c59270c3fd7afecdb556c50c9e8de78 -> 
  custom:audio-decoder-ogg-vorbis: bf7c407c2cedff20999df2af8eb42d56 -> 
  custom:audio-encoder-webm-vorbis: bf7c407c2cedff20999df2af8eb42d56 -> 
========================================================================
Received Import Request.
  Time since last request: 249.618462 seconds.
  path: Assets/personaje/personajes.prefab
  artifactKey: Guid(7953d5da3ba7c28458ff0c88c16a7fc2) Importer(815301076,1909f56bfc062723c751e8b465ee728b)
Start importing Assets/personaje/personajes.prefab using Guid(7953d5da3ba7c28458ff0c88c16a7fc2) Importer(815301076,1909f56bfc062723c751e8b465ee728b)  -> (artifact id: '661aa02f9b8ad3b1f1e2dcf4655d0112') in 0.091858 seconds 
  Import took 0.095585 seconds .

========================================================================
Received Import Request.
  Time since last request: 2.981955 seconds.
  path: Assets/personaje/personajes.prefab
  artifactKey: Guid(7953d5da3ba7c28458ff0c88c16a7fc2) Importer(815301076,1909f56bfc062723c751e8b465ee728b)
Start importing Assets/personaje/personajes.prefab using Guid(7953d5da3ba7c28458ff0c88c16a7fc2) Importer(815301076,1909f56bfc062723c751e8b465ee728b)  -> (artifact id: '7dbf9fa969a693ff77ce8e782196d32e') in 0.016025 seconds 
  Import took 0.019721 seconds .

========================================================================
Received Prepare
Registering precompiled user dll's ...
Registered in 0.005572 seconds.
Begin MonoManager ReloadAssembly
Native extension for WindowsStandalone target not found
Refreshing native plugins compatible for Editor in 0.55 ms, found 2 plugins.
Preloading 0 native plugins for Editor in 0.00 ms.
Mono: successfully reloaded assembly
- Completed reload, in  1.225 seconds
Platform modules already initialized, skipping
Refreshing native plugins compatible for Editor in 0.53 ms, found 2 plugins.
Preloading 0 native plugins for Editor in 0.00 ms.
Unloading 1660 Unused Serialized files (Serialized files now loaded: 0)
System memory in use before: 111.4 MB.
System memory in use after: 111.2 MB.

Unloading 16 unused Assets to reduce memory usage. Loaded Objects now: 2211.
Total: 2.888600 ms (FindLiveObjects: 0.227500 ms CreateObjectMapping: 0.057100 ms MarkObjects: 2.145500 ms  DeleteObjects: 0.457200 ms)

AssetImportParameters requested are different than current active one (requested -> active):
  custom:framework-win-MediaFoundation: 216162199b28c13a410421893ffa2e32 -> 
  custom:video-decoder-ogg-theora: a1e56fd34408186e4bbccfd4996cb3dc -> 
  custom:container-muxer-webm: aa71ff27fc2769a1b78a27578f13a17b -> 
  custom:container-demuxer-webm: 4f35f7cbe854078d1ac9338744f61a02 -> 
  custom:container-demuxer-ogg: 62fdf1f143b41e24485cea50d1cbac27 -> 
  custom:video-encoder-webm-vp8: eb34c28f22e8b96e1ab97ce403110664 -> 
  custom:video-decoder-webm-vp8: 9c59270c3fd7afecdb556c50c9e8de78 -> 
  custom:audio-decoder-ogg-vorbis: bf7c407c2cedff20999df2af8eb42d56 -> 
  custom:audio-encoder-webm-vorbis: bf7c407c2cedff20999df2af8eb42d56 -> 
========================================================================
Received Import Request.
  Time since last request: 92.658519 seconds.
  path: Assets/personaje/personajes.prefab
  artifactKey: Guid(7953d5da3ba7c28458ff0c88c16a7fc2) Importer(815301076,1909f56bfc062723c751e8b465ee728b)
Start importing Assets/personaje/personajes.prefab using Guid(7953d5da3ba7c28458ff0c88c16a7fc2) Importer(815301076,1909f56bfc062723c751e8b465ee728b)  -> (artifact id: '3d6fb15d181d6ac2bda2da82dff0bed6') in 0.077721 seconds 
  Import took 0.081462 seconds .

========================================================================
Received Prepare
Registering precompiled user dll's ...
Registered in 0.005541 seconds.
Begin MonoManager ReloadAssembly
Native extension for WindowsStandalone target not found
Refreshing native plugins compatible for Editor in 0.53 ms, found 2 plugins.
Preloading 0 native plugins for Editor in 0.00 ms.
Mono: successfully reloaded assembly
- Completed reload, in  1.201 seconds
Platform modules already initialized, skipping
Refreshing native plugins compatible for Editor in 0.52 ms, found 2 plugins.
Preloading 0 native plugins for Editor in 0.00 ms.
Unloading 1660 Unused Serialized files (Serialized files now loaded: 0)
System memory in use before: 111.4 MB.
System memory in use after: 111.2 MB.

Unloading 16 unused Assets to reduce memory usage. Loaded Objects now: 2215.
Total: 2.948900 ms (FindLiveObjects: 0.207500 ms CreateObjectMapping: 0.049500 ms MarkObjects: 2.225700 ms  DeleteObjects: 0.464900 ms)

AssetImportParameters requested are different than current active one (requested -> active):
  custom:framework-win-MediaFoundation: 216162199b28c13a410421893ffa2e32 -> 
  custom:video-decoder-ogg-theora: a1e56fd34408186e4bbccfd4996cb3dc -> 
  custom:container-muxer-webm: aa71ff27fc2769a1b78a27578f13a17b -> 
  custom:container-demuxer-webm: 4f35f7cbe854078d1ac9338744f61a02 -> 
  custom:container-demuxer-ogg: 62fdf1f143b41e24485cea50d1cbac27 -> 
  custom:video-encoder-webm-vp8: eb34c28f22e8b96e1ab97ce403110664 -> 
  custom:video-decoder-webm-vp8: 9c59270c3fd7afecdb556c50c9e8de78 -> 
  custom:audio-decoder-ogg-vorbis: bf7c407c2cedff20999df2af8eb42d56 -> 
  custom:audio-encoder-webm-vorbis: bf7c407c2cedff20999df2af8eb42d56 -> 
========================================================================
Received Prepare
Registering precompiled user dll's ...
Registered in 0.005873 seconds.
Begin MonoManager ReloadAssembly
Native extension for WindowsStandalone target not found
Refreshing native plugins compatible for Editor in 0.53 ms, found 2 plugins.
Preloading 0 native plugins for Editor in 0.00 ms.
Mono: successfully reloaded assembly
- Completed reload, in  1.236 seconds
Platform modules already initialized, skipping
Refreshing native plugins compatible for Editor in 0.54 ms, found 2 plugins.
Preloading 0 native plugins for Editor in 0.00 ms.
Unloading 1660 Unused Serialized files (Serialized files now loaded: 0)
System memory in use before: 111.5 MB.
System memory in use after: 111.2 MB.

Unloading 16 unused Assets to reduce memory usage. Loaded Objects now: 2218.
Total: 2.943000 ms (FindLiveObjects: 0.226000 ms CreateObjectMapping: 0.049000 ms MarkObjects: 2.207100 ms  DeleteObjects: 0.459700 ms)

AssetImportParameters requested are different than current active one (requested -> active):
  custom:framework-win-MediaFoundation: 216162199b28c13a410421893ffa2e32 -> 
  custom:video-decoder-ogg-theora: a1e56fd34408186e4bbccfd4996cb3dc -> 
  custom:container-muxer-webm: aa71ff27fc2769a1b78a27578f13a17b -> 
  custom:container-demuxer-webm: 4f35f7cbe854078d1ac9338744f61a02 -> 
  custom:container-demuxer-ogg: 62fdf1f143b41e24485cea50d1cbac27 -> 
  custom:video-encoder-webm-vp8: eb34c28f22e8b96e1ab97ce403110664 -> 
  custom:video-decoder-webm-vp8: 9c59270c3fd7afecdb556c50c9e8de78 -> 
  custom:audio-decoder-ogg-vorbis: bf7c407c2cedff20999df2af8eb42d56 -> 
  custom:audio-encoder-webm-vorbis: bf7c407c2cedff20999df2af8eb42d56 -> 
========================================================================
Received Prepare
Registering precompiled user dll's ...
Registered in 0.007603 seconds.
Begin MonoManager ReloadAssembly
Native extension for WindowsStandalone target not found
Refreshing native plugins compatible for Editor in 0.53 ms, found 2 plugins.
Preloading 0 native plugins for Editor in 0.00 ms.
Mono: successfully reloaded assembly
- Completed reload, in  1.221 seconds
Platform modules already initialized, skipping
Refreshing native plugins compatible for Editor in 0.53 ms, found 2 plugins.
Preloading 0 native plugins for Editor in 0.00 ms.
Unloading 1660 Unused Serialized files (Serialized files now loaded: 0)
System memory in use before: 111.5 MB.
System memory in use after: 111.2 MB.

Unloading 16 unused Assets to reduce memory usage. Loaded Objects now: 2221.
Total: 2.962200 ms (FindLiveObjects: 0.213800 ms CreateObjectMapping: 0.049000 ms MarkObjects: 2.203400 ms  DeleteObjects: 0.494600 ms)

AssetImportParameters requested are different than current active one (requested -> active):
  custom:framework-win-MediaFoundation: 216162199b28c13a410421893ffa2e32 -> 
  custom:video-decoder-ogg-theora: a1e56fd34408186e4bbccfd4996cb3dc -> 
  custom:container-muxer-webm: aa71ff27fc2769a1b78a27578f13a17b -> 
  custom:container-demuxer-webm: 4f35f7cbe854078d1ac9338744f61a02 -> 
  custom:container-demuxer-ogg: 62fdf1f143b41e24485cea50d1cbac27 -> 
  custom:video-encoder-webm-vp8: eb34c28f22e8b96e1ab97ce403110664 -> 
  custom:video-decoder-webm-vp8: 9c59270c3fd7afecdb556c50c9e8de78 -> 
  custom:audio-decoder-ogg-vorbis: bf7c407c2cedff20999df2af8eb42d56 -> 
  custom:audio-encoder-webm-vorbis: bf7c407c2cedff20999df2af8eb42d56 -> 
========================================================================
Received Prepare
Registering precompiled user dll's ...
Registered in 0.005511 seconds.
Begin MonoManager ReloadAssembly
Native extension for WindowsStandalone target not found
Refreshing native plugins compatible for Editor in 0.54 ms, found 2 plugins.
Preloading 0 native plugins for Editor in 0.00 ms.
Mono: successfully reloaded assembly
- Completed reload, in  1.206 seconds
Platform modules already initialized, skipping
Refreshing native plugins compatible for Editor in 0.53 ms, found 2 plugins.
Preloading 0 native plugins for Editor in 0.00 ms.
Unloading 1660 Unused Serialized files (Serialized files now loaded: 0)
System memory in use before: 111.5 MB.
System memory in use after: 111.2 MB.

Unloading 16 unused Assets to reduce memory usage. Loaded Objects now: 2224.
Total: 2.859600 ms (FindLiveObjects: 0.211400 ms CreateObjectMapping: 0.051600 ms MarkObjects: 2.135800 ms  DeleteObjects: 0.459600 ms)

AssetImportParameters requested are different than current active one (requested -> active):
  custom:framework-win-MediaFoundation: 216162199b28c13a410421893ffa2e32 -> 
  custom:video-decoder-ogg-theora: a1e56fd34408186e4bbccfd4996cb3dc -> 
  custom:container-muxer-webm: aa71ff27fc2769a1b78a27578f13a17b -> 
  custom:container-demuxer-webm: 4f35f7cbe854078d1ac9338744f61a02 -> 
  custom:container-demuxer-ogg: 62fdf1f143b41e24485cea50d1cbac27 -> 
  custom:video-encoder-webm-vp8: eb34c28f22e8b96e1ab97ce403110664 -> 
  custom:video-decoder-webm-vp8: 9c59270c3fd7afecdb556c50c9e8de78 -> 
  custom:audio-decoder-ogg-vorbis: bf7c407c2cedff20999df2af8eb42d56 -> 
  custom:audio-encoder-webm-vorbis: bf7c407c2cedff20999df2af8eb42d56 -> 
========================================================================
Received Import Request.
  Time since last request: 3647.255445 seconds.
  path: Assets/Modelos/PersonajeAnim.anim
  artifactKey: Guid(6a05414e69f705448b191af0718f7739) Importer(815301076,1909f56bfc062723c751e8b465ee728b)
Start importing Assets/Modelos/PersonajeAnim.anim using Guid(6a05414e69f705448b191af0718f7739) Importer(815301076,1909f56bfc062723c751e8b465ee728b)  -> (artifact id: 'b0fb11b236f692cc7d6460225b925a28') in 0.051811 seconds 
  Import took 0.055366 seconds .

========================================================================
Received Import Request.
  Time since last request: 0.454152 seconds.
  path: Assets/Modelos/ziggy_animado.controller
  artifactKey: Guid(104e35053e7b30e49a436b31b1b4d3c9) Importer(815301076,1909f56bfc062723c751e8b465ee728b)
Start importing Assets/Modelos/ziggy_animado.controller using Guid(104e35053e7b30e49a436b31b1b4d3c9) Importer(815301076,1909f56bfc062723c751e8b465ee728b)  -> (artifact id: 'f94c82d8224dcd76fac2d711cf90b141') in 0.010326 seconds 
  Import took 0.013690 seconds .

========================================================================
Received Import Request.
  Time since last request: 24.555831 seconds.
  path: Assets/Modelos/Impresora3d
  artifactKey: Guid(9736450c57dce9d4f875d2e8bdd3dcee) Importer(815301076,1909f56bfc062723c751e8b465ee728b)
Start importing Assets/Modelos/Impresora3d using Guid(9736450c57dce9d4f875d2e8bdd3dcee) Importer(815301076,1909f56bfc062723c751e8b465ee728b)  -> (artifact id: '83b70992fbf426e9991fe6bc21010268') in 0.008292 seconds 
  Import took 0.011563 seconds .

========================================================================
Received Import Request.
  Time since last request: 1.021992 seconds.
  path: Assets/Modelos/New Animator Controller.controller
  artifactKey: Guid(0f9c526620c819c49b3d90962fed6d46) Importer(815301076,1909f56bfc062723c751e8b465ee728b)
Start importing Assets/Modelos/New Animator Controller.controller using Guid(0f9c526620c819c49b3d90962fed6d46) Importer(815301076,1909f56bfc062723c751e8b465ee728b)  -> (artifact id: 'e5d12b6a12282f4e20a78a10f9b69c45') in 0.022579 seconds 
  Import took 0.026114 seconds .

========================================================================
Received Import Request.
  Time since last request: 15.638024 seconds.
  path: Assets/personaje/personajes.prefab
  artifactKey: Guid(7953d5da3ba7c28458ff0c88c16a7fc2) Importer(815301076,1909f56bfc062723c751e8b465ee728b)
Start importing Assets/personaje/personajes.prefab using Guid(7953d5da3ba7c28458ff0c88c16a7fc2) Importer(815301076,1909f56bfc062723c751e8b465ee728b)  -> (artifact id: '2c49634b471a4cc0ecee56f62a11c488') in 0.068727 seconds 
  Import took 0.072602 seconds .

========================================================================
Received Import Request.
  Time since last request: 0.003308 seconds.
  path: Assets/personaje/personajes.prefab
  artifactKey: Guid(7953d5da3ba7c28458ff0c88c16a7fc2) Importer(815301076,1909f56bfc062723c751e8b465ee728b)
Start importing Assets/personaje/personajes.prefab using Guid(7953d5da3ba7c28458ff0c88c16a7fc2) Importer(815301076,1909f56bfc062723c751e8b465ee728b)  -> (artifact id: '2c49634b471a4cc0ecee56f62a11c488') in 0.023032 seconds 
  Import took 0.026824 seconds .

========================================================================
Received Prepare
Registering precompiled user dll's ...
Registered in 0.005571 seconds.
Begin MonoManager ReloadAssembly
Native extension for WindowsStandalone target not found
Refreshing native plugins compatible for Editor in 0.52 ms, found 2 plugins.
Preloading 0 native plugins for Editor in 0.00 ms.
Mono: successfully reloaded assembly
- Completed reload, in  1.206 seconds
Platform modules already initialized, skipping
Refreshing native plugins compatible for Editor in 0.53 ms, found 2 plugins.
Preloading 0 native plugins for Editor in 0.00 ms.
Unloading 1660 Unused Serialized files (Serialized files now loaded: 0)
System memory in use before: 111.5 MB.
System memory in use after: 111.2 MB.

Unloading 16 unused Assets to reduce memory usage. Loaded Objects now: 2228.
Total: 2.935600 ms (FindLiveObjects: 0.207600 ms CreateObjectMapping: 0.050000 ms MarkObjects: 2.180700 ms  DeleteObjects: 0.496200 ms)

AssetImportParameters requested are different than current active one (requested -> active):
  custom:framework-win-MediaFoundation: 216162199b28c13a410421893ffa2e32 -> 
  custom:video-decoder-ogg-theora: a1e56fd34408186e4bbccfd4996cb3dc -> 
  custom:container-muxer-webm: aa71ff27fc2769a1b78a27578f13a17b -> 
  custom:container-demuxer-webm: 4f35f7cbe854078d1ac9338744f61a02 -> 
  custom:container-demuxer-ogg: 62fdf1f143b41e24485cea50d1cbac27 -> 
  custom:video-encoder-webm-vp8: eb34c28f22e8b96e1ab97ce403110664 -> 
  custom:video-decoder-webm-vp8: 9c59270c3fd7afecdb556c50c9e8de78 -> 
  custom:audio-decoder-ogg-vorbis: bf7c407c2cedff20999df2af8eb42d56 -> 
  custom:audio-encoder-webm-vorbis: bf7c407c2cedff20999df2af8eb42d56 -> 
========================================================================
Received Prepare
Registering precompiled user dll's ...
Registered in 0.005642 seconds.
Begin MonoManager ReloadAssembly
Native extension for WindowsStandalone target not found
Refreshing native plugins compatible for Editor in 0.53 ms, found 2 plugins.
Preloading 0 native plugins for Editor in 0.00 ms.
Mono: successfully reloaded assembly
- Completed reload, in  1.215 seconds
Platform modules already initialized, skipping
Refreshing native plugins compatible for Editor in 0.53 ms, found 2 plugins.
Preloading 0 native plugins for Editor in 0.00 ms.
Unloading 1660 Unused Serialized files (Serialized files now loaded: 0)
System memory in use before: 111.5 MB.
System memory in use after: 111.2 MB.

Unloading 16 unused Assets to reduce memory usage. Loaded Objects now: 2231.
Total: 3.088400 ms (FindLiveObjects: 0.218400 ms CreateObjectMapping: 0.049400 ms MarkObjects: 2.325200 ms  DeleteObjects: 0.494100 ms)

AssetImportParameters requested are different than current active one (requested -> active):
  custom:framework-win-MediaFoundation: 216162199b28c13a410421893ffa2e32 -> 
  custom:video-decoder-ogg-theora: a1e56fd34408186e4bbccfd4996cb3dc -> 
  custom:container-muxer-webm: aa71ff27fc2769a1b78a27578f13a17b -> 
  custom:container-demuxer-webm: 4f35f7cbe854078d1ac9338744f61a02 -> 
  custom:container-demuxer-ogg: 62fdf1f143b41e24485cea50d1cbac27 -> 
  custom:video-encoder-webm-vp8: eb34c28f22e8b96e1ab97ce403110664 -> 
  custom:video-decoder-webm-vp8: 9c59270c3fd7afecdb556c50c9e8de78 -> 
  custom:audio-decoder-ogg-vorbis: bf7c407c2cedff20999df2af8eb42d56 -> 
  custom:audio-encoder-webm-vorbis: bf7c407c2cedff20999df2af8eb42d56 -> 
AssetImportWorkerClient::OnTransportError - code=2 error=End of file
